  Limelight.cpp
E:\CS370\assignments\CS370_Assign03\CS370_Assign03\materials.h(17,14): warning C4305:  'initializing': truncation from 'double' to 'GLfloat'
E:\CS370\assignments\CS370_Assign03\CS370_Assign03\materials.h(23,15): warning C4305:  'initializing': truncation from 'double' to 'GLfloat'
E:\CS370\assignments\CS370_Assign03\CS370_Assign03\materials.h(28,12): warning C4305:  'initializing': truncation from 'double' to 'GLfloat'
E:\CS370\assignments\CS370_Assign03\CS370_Assign03\lighting.h(14,26): warning C4305:  'initializing': truncation from 'double' to 'GLfloat'
E:\CS370\assignments\CS370_Assign03\CS370_Assign03\lighting.h(18,28): warning C4305:  'initializing': truncation from 'double' to 'GLfloat'
E:\CS370\assignments\CS370_Assign03\CS370_Assign03\vectorops.h(12,13): warning C4244:  '=': conversion from 'double' to 'float', possible loss of data
E:\CS370\assignments\CS370_Assign03\CS370_Assign03\globalVariables.h(68,29): warning C4305:  'initializing': truncation from 'double' to 'GLfloat'
E:\CS370\assignments\CS370_Assign03\CS370_Assign03\globalVariables.h(69,28): warning C4305:  'initializing': truncation from 'double' to 'GLfloat'
E:\CS370\assignments\CS370_Assign03\CS370_Assign03\globalVariables.h(80,29): warning C4305:  'initializing': truncation from 'double' to 'GLfloat'
E:\CS370\assignments\CS370_Assign03\CS370_Assign03\globalVariables.h(82,31): warning C4305:  'initializing': truncation from 'double' to 'GLfloat'
E:\CS370\assignments\CS370_Assign03\CS370_Assign03\globalVariables.h(83,30): warning C4305:  'initializing': truncation from 'double' to 'GLfloat'
E:\CS370\assignments\CS370_Assign03\CS370_Assign03\globalVariables.h(84,29): warning C4305:  'initializing': truncation from 'double' to 'GLfloat'
E:\CS370\assignments\CS370_Assign03\CS370_Assign03\shaderutils.h(20,1): warning C4996:  'open': The POSIX name for this item is deprecated. Instead, use the ISO C and C++ conformant name: _open. See online help for details.
C:\Program Files (x86)\Windows Kits\10\Include\10.0.18362.0\ucrt\corecrt_io.h(516): message :  see declaration of 'open'
E:\CS370\assignments\CS370_Assign03\CS370_Assign03\shaderutils.h(23,1): warning C4996:  'lseek': The POSIX name for this item is deprecated. Instead, use the ISO C and C++ conformant name: _lseek. See online help for details.
C:\Program Files (x86)\Windows Kits\10\Include\10.0.18362.0\ucrt\corecrt_io.h(503): message :  see declaration of 'lseek'
E:\CS370\assignments\CS370_Assign03\CS370_Assign03\shaderutils.h(24,1): warning C4996:  'close': The POSIX name for this item is deprecated. Instead, use the ISO C and C++ conformant name: _close. See online help for details.
C:\Program Files (x86)\Windows Kits\10\Include\10.0.18362.0\ucrt\corecrt_io.h(459): message :  see declaration of 'close'
E:\CS370\assignments\CS370_Assign03\CS370_Assign03\shaderutils.h(43,1): warning C4996:  'fopen': This function or variable may be unsafe. Consider using fopen_s instead. To disable deprecation, use _CRT_SECURE_NO_WARNINGS. See online help for details.
C:\Program Files (x86)\Windows Kits\10\Include\10.0.18362.0\ucrt\stdio.h(208): message :  see declaration of 'fopen'
E:\CS370\assignments\CS370_Assign03\CS370_Assign03\Limelight.cpp(295,52): warning C4244:  'argument': conversion from 'GLfloat' to 'GLint', possible loss of data
E:\CS370\assignments\CS370_Assign03\CS370_Assign03\Limelight.cpp(295,37): warning C4244:  'argument': conversion from 'GLfloat' to 'GLint', possible loss of data
E:\CS370\assignments\CS370_Assign03\CS370_Assign03\Limelight.cpp(651,53): warning C4305:  'argument': truncation from 'double' to 'GLfloat'
E:\CS370\assignments\CS370_Assign03\CS370_Assign03\Limelight.cpp(654,80): warning C4244:  'argument': conversion from 'GLfloat' to 'GLint', possible loss of data
E:\CS370\assignments\CS370_Assign03\CS370_Assign03\Limelight.cpp(654,66): warning C4244:  'argument': conversion from 'GLfloat' to 'GLint', possible loss of data
E:\CS370\assignments\CS370_Assign03\CS370_Assign03\Limelight.cpp(659,53): warning C4305:  'argument': truncation from 'double' to 'GLfloat'
E:\CS370\assignments\CS370_Assign03\CS370_Assign03\Limelight.cpp(662,50): warning C4244:  'argument': conversion from 'GLfloat' to 'GLint', possible loss of data
E:\CS370\assignments\CS370_Assign03\CS370_Assign03\Limelight.cpp(662,36): warning C4244:  'argument': conversion from 'GLfloat' to 'GLint', possible loss of data
  CS370_Assign03.vcxproj -> E:\CS370\assignments\CS370_Assign03\Debug\CS370_Assign03.exe
